[08:33:07.696][INFO][CraftTweaker-EarlyInit]: CraftTweaker is running on a Minecraft 1.20.1 production server modded with platform Forge
[08:33:07.768][INFO][CraftTweaker-EarlyInit]: Successfully injected RecipeFS file system
[08:33:07.864][INFO][CraftTweaker-Plugins]: Successfully identified and loaded plugin jeitweaker:common
[08:33:07.880][INFO][CraftTweaker-Plugins]: Successfully identified and loaded plugin crafttweaker:builtin
[08:33:07.883][INFO][CraftTweaker-Plugins]: Successfully identified and loaded plugin crafttweaker:builtin_forge
[08:33:07.888][INFO][CraftTweaker-Plugins]: Successfully identified and loaded plugin farmersdelight:crafttweaker_plugin
[08:33:07.939][INFO][JEITweaker]: Identified JeiTweaker plugin 'jeitweaker:forge': loading scheduled
[08:33:07.941][INFO][JEITweaker]: Identified JeiTweaker plugin 'jeitweaker:common': loading scheduled
[08:33:07.991][INFO][JEITweaker]: JEITweaker Environmental Check: the combination of mods [jei] is fully supported
[08:33:07.992][INFO][JEITweaker]: Running JeiTweaker plugin initialization
[08:33:08.000][INFO][JEITweaker]: JeiTweaker plugin initialization completed successfully
[08:33:08.981][INFO][CraftTweaker]: The following mods have explicit CraftTweaker support through the default plugin:
[08:33:08.983][INFO][CraftTweaker]: - 'crafttweaker' at version '14.0.56'
[08:33:08.983][INFO][CraftTweaker]: - 'farmersdelight' at version '1.20.1-1.2.7'
[08:33:08.983][INFO][CraftTweaker]: - 'jeitweaker' at version '8.0.6'
[08:33:22.243][INFO][CraftTweaker-ZenCode]: Started loading scripts for loader 'initialize'
[08:33:23.079][INFO][CraftTweaker-ZenCode]: Compiling and executing scripts
[08:33:23.248][INFO][CraftTweaker-ZenCode]: Successfully initialized modules [crafttweaker, expansions]
[08:33:23.670][INFO][CraftTweaker-ZenCode]: Execution for loader 'initialize' completed successfully
[08:33:39.900][INFO][CraftTweaker-ZenCode]: Started loading scripts for loader 'tags'
[08:33:39.986][INFO][CraftTweaker-ZenCode]: Compiling and executing scripts
[08:33:40.018][INFO][CraftTweaker-ZenCode]: Successfully initialized modules [crafttweaker, expansions]
[08:33:40.040][INFO][CraftTweaker-ZenCode]: Execution for loader 'tags' completed successfully
[08:33:42.506][INFO][CraftTweaker]: crafttweaker.reload.start
[08:33:42.510][INFO][CraftTweaker-ZenCode]: Started loading scripts for loader 'crafttweaker'
[08:33:42.551][INFO][CraftTweaker-ZenCode]: Compiling and executing scripts
[08:33:43.145][INFO][CraftTweaker-ZenCode]: Successfully initialized modules [mods, crafttweaker, expansions]
[08:33:43.182][INFO][CraftTweaker-ZenCode]: Execution for loader 'crafttweaker' completed successfully
[08:33:43.184][INFO][CraftTweaker]: crafttweaker.reload.complete
