* This is the StructMobWeight report file that is output every time the server starts.
* 
* Spawn Balance Utility (SBU) will use this file ONLY if it is renamed to StructMobWeight.csv.
* Lines starting with '*' are comments and ignored
* It allows you to add and remove mobs and adjust their spawnweights for Structures
* like shipwrecks, nether fortresses, water monuments, etc.
* 
1, dungeons_arise:abandoned_temple, HEADING, header:ignore, 0, 0, 0
2, dungeons_arise:abandoned_temple, MONSTER, minecraft:stray, 10, 1, 1
3, idas:abandonedhouse, HEADING, header:ignore, 0, 0, 0
4, totw_modded:aether, HEADING, header:ignore, 0, 0, 0
5, graveyard:altar, HEADING, header:ignore, 0, 0, 0
6, betternether:altars, HEADING, header:ignore, 0, 0, 0
7, irons_spellbooks:ancient_battleground, HEADING, header:ignore, 0, 0, 0
8, minecraft:ancient_city, HEADING, header:ignore, 0, 0, 0
9, repurposed_structures:ancient_city_end, HEADING, header:ignore, 0, 0, 0
10, repurposed_structures:ancient_city_end, MONSTER, minecraft:phantom, 10, 1, 1
11, repurposed_structures:ancient_city_end, MONSTER, minecraft:endermite, 10, 3, 7
12, repurposed_structures:ancient_city_nether, HEADING, header:ignore, 0, 0, 0
13, repurposed_structures:ancient_city_nether, MONSTER, minecraft:ghast, 10, 6, 10
14, repurposed_structures:ancient_city_nether, MONSTER, minecraft:wither_skeleton, 10, 1, 3
15, repurposed_structures:ancient_city_ocean, HEADING, header:ignore, 0, 0, 0
16, repurposed_structures:ancient_city_ocean, MONSTER, minecraft:drowned, 10, 2, 5
17, cataclysm:ancient_factory, HEADING, header:ignore, 0, 0, 0
18, idas:ancient_mines, HEADING, header:ignore, 0, 0, 0
19, idas:ancient_mines, MONSTER, minecraft:silverfish, 10, 1, 1
20, idas:ancient_mines, MONSTER, quark:wraith, 10, 1, 1
21, idas:ancient_portal/ancient_portal, HEADING, header:ignore, 0, 0, 0
22, idas:ancient_portal/ancient_portal, MONSTER, minecraft:silverfish, 10, 1, 4
23, idas:ancient_portal/ancient_portal, MONSTER, quark:wraith, 10, 1, 4
24, idas:ancient_portal/nether_ancient_portal, HEADING, header:ignore, 0, 0, 0
25, idas:ancient_portal/nether_ancient_portal, MONSTER, quark:wraith, 10, 1, 1
26, idas:ancient_statue/ancient_statue_desert, HEADING, header:ignore, 0, 0, 0
27, idas:ancient_statue/ancient_statue_jungle, HEADING, header:ignore, 0, 0, 0
28, idas:ancient_statue/ancient_statue_plains, HEADING, header:ignore, 0, 0, 0
29, ati_structures:ancient_temple, HEADING, header:ignore, 0, 0, 0
30, ati_structures:ancient_temple, MONSTER, minecraft:slime, 10, 1, 2
31, idas:animal_den/forest_den, HEADING, header:ignore, 0, 0, 0
32, idas:animal_den/foxhound_den, HEADING, header:ignore, 0, 0, 0
33, idas:animal_den/polar_bear_den, HEADING, header:ignore, 0, 0, 0
34, idas:apothecary_abode, HEADING, header:ignore, 0, 0, 0
35, atmospheric:arid_garden, HEADING, header:ignore, 0, 0, 0
36, idas:ars_nouveau/archmages_tower, HEADING, header:ignore, 0, 0, 0
37, mobs_of_mythology:automaton_structure, HEADING, header:ignore, 0, 0, 0
38, dungeons_arise:aviary, HEADING, header:ignore, 0, 0, 0
39, dungeons_arise:aviary, MONSTER, minecraft:phantom, 60, 2, 3
40, totw_modded:badlands, HEADING, header:ignore, 0, 0, 0
41, dungeons_arise:bandit_towers, HEADING, header:ignore, 0, 0, 0
42, dungeons_arise:bandit_village, HEADING, header:ignore, 0, 0, 0
43, minecraft:bastion_remnant, HEADING, header:ignore, 0, 0, 0
44, repurposed_structures:bastion_underground, HEADING, header:ignore, 0, 0, 0
45, repurposed_structures:bastion_underground, MONSTER, minecraft:skeleton, 10, 1, 4
46, dungeons_arise:bathhouse, HEADING, header:ignore, 0, 0, 0
47, idas:bazaar, HEADING, header:ignore, 0, 0, 0
48, idas:bearclaw_inn, HEADING, header:ignore, 0, 0, 0
49, idas:beekeepers_house, HEADING, header:ignore, 0, 0, 0
50, valhelsia_structures:big_tree, HEADING, header:ignore, 0, 0, 0
51, idas:brickhouse, HEADING, header:ignore, 0, 0, 0
52, minecraft:buried_treasure, HEADING, header:ignore, 0, 0, 0
53, cataclysm:burning_arena, HEADING, header:ignore, 0, 0, 0
54, idas:castle, HEADING, header:ignore, 0, 0, 0
55, valhelsia_structures:castle, HEADING, header:ignore, 0, 0, 0
56, valhelsia_structures:castle_ruin, HEADING, header:ignore, 0, 0, 0
57, irons_spellbooks:catacombs, HEADING, header:ignore, 0, 0, 0
58, irons_spellbooks:catacombs, MONSTER, irons_spellbooks:catacombs_zombie, 10, 1, 1
59, irons_spellbooks:catacombs, MONSTER, minecraft:skeleton, 10, 1, 1
60, irons_spellbooks:catacombs, MONSTER, irons_spellbooks:necromancer, 10, 1, 1
61, dungeons_arise:ceryneian_hind, HEADING, header:ignore, 0, 0, 0
62, repurposed_structures:city_nether, HEADING, header:ignore, 0, 0, 0
63, repurposed_structures:city_nether, MONSTER, minecraft:wither_skeleton, 10, 2, 3
64, repurposed_structures:city_nether, MONSTER, minecraft:blaze, 80, 1, 4
65, repurposed_structures:city_overworld, HEADING, header:ignore, 0, 0, 0
66, born_in_chaos_v1:clown_caravan_plains, HEADING, header:ignore, 0, 0, 0
67, born_in_chaos_v1:clown_caravan_savanna, HEADING, header:ignore, 0, 0, 0
68, born_in_chaos_v1:clown_caravan_taiga, HEADING, header:ignore, 0, 0, 0
69, dungeons_arise:coliseum, HEADING, header:ignore, 0, 0, 0
70, idas:cottage, HEADING, header:ignore, 0, 0, 0
71, graveyard:crypt, HEADING, header:ignore, 0, 0, 0
72, graveyard:crypt, MONSTER, graveyard:acolyte, 25, 1, 1
73, graveyard:crypt, MONSTER, graveyard:corrupted_vindicator, 35, 1, 3
74, graveyard:crypt, MONSTER, graveyard:corrupted_pillager, 35, 1, 3
75, cataclysm:cursed_pyramid, HEADING, header:ignore, 0, 0, 0
76, ati_structures:dark_tower, HEADING, header:ignore, 0, 0, 0
77, born_in_chaos_v1:dark_tower_forest, HEADING, header:ignore, 0, 0, 0
78, born_in_chaos_v1:dark_tower_plain, HEADING, header:ignore, 0, 0, 0
79, born_in_chaos_v1:dark_tower_taiga, HEADING, header:ignore, 0, 0, 0
80, graveyard:dead_tree, HEADING, header:ignore, 0, 0, 0
81, call_of_yucutan:deadly_crypt, HEADING, header:ignore, 0, 0, 0
82, valhelsia_structures:deep_spawner_room, HEADING, header:ignore, 0, 0, 0
83, ati_structures:deepslate_keep, HEADING, header:ignore, 0, 0, 0
84, totw_modded:derelict, HEADING, header:ignore, 0, 0, 0
85, totw_modded:derelict_grass, HEADING, header:ignore, 0, 0, 0
86, totw_modded:desert, HEADING, header:ignore, 0, 0, 0
87, idas:desert_camp/desert_camp, HEADING, header:ignore, 0, 0, 0
88, idas:desert_camp/desert_camp_bygwindswept, HEADING, header:ignore, 0, 0, 0
89, idas:desert_camp/desert_camp_orange, HEADING, header:ignore, 0, 0, 0
90, idas:desert_camp/desert_camp_red, HEADING, header:ignore, 0, 0, 0
91, valhelsia_structures:desert_house, HEADING, header:ignore, 0, 0, 0
92, idas:desert_market/desert_market, HEADING, header:ignore, 0, 0, 0
93, idas:desert_market/desert_market_orange, HEADING, header:ignore, 0, 0, 0
94, idas:desert_market/desert_market_red, HEADING, header:ignore, 0, 0, 0
95, ati_structures:desert_outpost, HEADING, header:ignore, 0, 0, 0
96, minecraft:desert_pyramid, HEADING, header:ignore, 0, 0, 0
97, betterdeserttemples:desert_temple, HEADING, header:ignore, 0, 0, 0
98, betterdeserttemples:desert_temple, MONSTER, minecraft:husk, 80, 10, 32
99, betterdeserttemples:desert_temple, CREATURE, minecraft:cat, 80, 4, 4
100, betterdeserttemples:desert_temple, CREATURE, minecraft:rabbit, 80, 4, 4
101, idas:dig_site/dig_site, HEADING, header:ignore, 0, 0, 0
102, idas:dig_site/dig_site_desert, HEADING, header:ignore, 0, 0, 0
103, ati_structures:dojo, HEADING, header:ignore, 0, 0, 0
104, dungeoncrawl:dungeon, HEADING, header:ignore, 0, 0, 0
105, idas:enchantingtower, HEADING, header:ignore, 0, 0, 0
106, totw_modded:end, HEADING, header:ignore, 0, 0, 0
107, minecraft:end_city, HEADING, header:ignore, 0, 0, 0
108, minecraft:end_city, MONSTER, alexsmobs:mimicube, 40, 1, 3
109, betterend:end_village, HEADING, header:ignore, 0, 0, 0
110, betterend:eternal_portal, HEADING, header:ignore, 0, 0, 0
111, totw_modded:everbright, HEADING, header:ignore, 0, 0, 0
112, totw_modded:everdawn, HEADING, header:ignore, 0, 0, 0
113, irons_spellbooks:evoker_fort, HEADING, header:ignore, 0, 0, 0
114, irons_spellbooks:evoker_fort, MONSTER, minecraft:pillager, 10, 2, 3
115, irons_spellbooks:evoker_fort, MONSTER, minecraft:vindicator, 10, 4, 4
116, born_in_chaos_v1:farm, HEADING, header:ignore, 0, 0, 0
117, idas:farmhouse, HEADING, header:ignore, 0, 0, 0
118, born_in_chaos_v1:firewell, HEADING, header:ignore, 0, 0, 0
119, idas:fishermans_lodge, HEADING, header:ignore, 0, 0, 0
120, dungeons_arise:fishing_hut, HEADING, header:ignore, 0, 0, 0
121, valhelsia_structures:forge, HEADING, header:ignore, 0, 0, 0
122, ati_structures:fortified_temple, HEADING, header:ignore, 0, 0, 0
123, betterfortresses:fortress, HEADING, header:ignore, 0, 0, 0
124, betterfortresses:fortress, MONSTER, minecraft:blaze, 10, 2, 3
125, betterfortresses:fortress, MONSTER, minecraft:zombified_piglin, 10, 4, 4
126, betterfortresses:fortress, MONSTER, minecraft:wither_skeleton, 10, 5, 5
127, betterfortresses:fortress, MONSTER, minecraft:skeleton, 10, 5, 5
128, betterfortresses:fortress, MONSTER, minecraft:magma_cube, 10, 4, 4
129, minecraft:fortress, HEADING, header:ignore, 0, 0, 0
130, minecraft:fortress, MONSTER, minecraft:blaze, 10, 2, 3
131, minecraft:fortress, MONSTER, minecraft:zombified_piglin, 10, 4, 4
132, minecraft:fortress, MONSTER, minecraft:wither_skeleton, 10, 5, 5
133, minecraft:fortress, MONSTER, minecraft:skeleton, 10, 5, 5
134, minecraft:fortress, MONSTER, minecraft:magma_cube, 10, 4, 4
135, minecraft:fortress, MONSTER, cataclysm:ignited_berserker, 10, 1, 1
136, repurposed_structures:fortress_jungle, HEADING, header:ignore, 0, 0, 0
137, repurposed_structures:fortress_jungle, MONSTER, minecraft:wither_skeleton, 10, 1, 1
138, repurposed_structures:fortress_jungle, MONSTER, minecraft:skeleton, 10, 1, 3
139, repurposed_structures:fortress_jungle, MONSTER, minecraft:zombie, 10, 1, 4
140, repurposed_structures:fortress_jungle, MONSTER, minecraft:spider, 10, 1, 3
141, repurposed_structures:fortress_jungle, MONSTER, minecraft:creeper, 10, 1, 2
142, repurposed_structures:fortress_jungle, MONSTER, minecraft:enderman, 10, 1, 2
143, repurposed_structures:fortress_jungle, MONSTER, minecraft:witch, 10, 1, 2
144, dungeons_arise:foundry, HEADING, header:ignore, 0, 0, 0
145, cataclysm:frosted_prison, HEADING, header:ignore, 0, 0, 0
146, idas:frozen_crypt, HEADING, header:ignore, 0, 0, 0
147, betternether:gardens, HEADING, header:ignore, 0, 0, 0
148, betternether:ghast_hive, HEADING, header:ignore, 0, 0, 0
149, betterend:giant_ice_star, HEADING, header:ignore, 0, 0, 0
150, betterend:giant_mossy_glowshroom, HEADING, header:ignore, 0, 0, 0
151, dungeons_arise:giant_mushroom, HEADING, header:ignore, 0, 0, 0
152, graveyard:giant_mushroom, HEADING, header:ignore, 0, 0, 0
153, totw_modded:glacio, HEADING, header:ignore, 0, 0, 0
154, ati_structures:gnome_hut, HEADING, header:ignore, 0, 0, 0
155, iceandfire:gorgon_temple, HEADING, header:ignore, 0, 0, 0
156, ati_structures:granite_fort, HEADING, header:ignore, 0, 0, 0
157, born_in_chaos_v1:grave_2003wise, HEADING, header:ignore, 0, 0, 0
158, born_in_chaos_v1:grave_darktitan, HEADING, header:ignore, 0, 0, 0
159, born_in_chaos_v1:grave_derivas, HEADING, header:ignore, 0, 0, 0
160, born_in_chaos_v1:grave_fubuki_banzai, HEADING, header:ignore, 0, 0, 0
161, born_in_chaos_v1:grave_orion, HEADING, header:ignore, 0, 0, 0
162, born_in_chaos_v1:grave_petasi, HEADING, header:ignore, 0, 0, 0
163, iceandfire:graveyard, HEADING, header:ignore, 0, 0, 0
164, dungeons_arise:greenwood_pub, HEADING, header:ignore, 0, 0, 0
165, graveyard:haunted_house, HEADING, header:ignore, 0, 0, 0
166, idas:haunted_manor, HEADING, header:ignore, 0, 0, 0
167, idas:haunted_manor, MONSTER, quark:wraith, 10, 3, 4
168, ati_structures:haunted_ruin, HEADING, header:ignore, 0, 0, 0
169, dungeons_arise:heavenly_challenger, HEADING, header:ignore, 0, 0, 0
170, dungeons_arise:heavenly_conqueror, HEADING, header:ignore, 0, 0, 0
171, dungeons_arise:heavenly_rider, HEADING, header:ignore, 0, 0, 0
172, idas:hermits_hollow, HEADING, header:ignore, 0, 0, 0
173, ati_structures:herobrine_stronghold, HEADING, header:ignore, 0, 0, 0
174, idas:hunters_cabin, HEADING, header:ignore, 0, 0, 0
175, totw_modded:ice, HEADING, header:ignore, 0, 0, 0
176, aquamirae:ice_maze/arch, HEADING, header:ignore, 0, 0, 0
177, aquamirae:ice_maze/arch, MONSTER, aquamirae:maw, 50, 1, 2
178, aquamirae:ice_maze/arch, AMBIENT, aquamirae:golden_moth, 10, 1, 2
179, aquamirae:ice_maze/common, HEADING, header:ignore, 0, 0, 0
180, aquamirae:ice_maze/common, MONSTER, aquamirae:maw, 50, 1, 2
181, aquamirae:ice_maze/spiral, HEADING, header:ignore, 0, 0, 0
182, aquamirae:ice_maze/spiral, MONSTER, aquamirae:maw, 50, 2, 6
183, ati_structures:ice_tribe, HEADING, header:ignore, 0, 0, 0
184, ati_structures:ice_tribe, MONSTER, minecraft:pig, 10, 1, 2
185, idas:iceandfire/dread_citadel, HEADING, header:ignore, 0, 0, 0
186, minecraft:igloo, HEADING, header:ignore, 0, 0, 0
187, repurposed_structures:igloo_grassy, HEADING, header:ignore, 0, 0, 0
188, repurposed_structures:igloo_mangrove, HEADING, header:ignore, 0, 0, 0
189, repurposed_structures:igloo_mushroom, HEADING, header:ignore, 0, 0, 0
190, repurposed_structures:igloo_stone, HEADING, header:ignore, 0, 0, 0
191, dungeons_arise:illager_campsite, HEADING, header:ignore, 0, 0, 0
192, dungeons_arise:illager_corsair, HEADING, header:ignore, 0, 0, 0
193, dungeons_arise:illager_fort, HEADING, header:ignore, 0, 0, 0
194, dungeons_arise:illager_galley, HEADING, header:ignore, 0, 0, 0
195, dungeons_arise:illager_windmill, HEADING, header:ignore, 0, 0, 0
196, irons_spellbooks:impaled_icebreaker, HEADING, header:ignore, 0, 0, 0
197, born_in_chaos_v1:infernal_pumpkin, HEADING, header:ignore, 0, 0, 0
198, dungeons_arise:infested_temple, HEADING, header:ignore, 0, 0, 0
199, totw_modded:jungle, HEADING, header:ignore, 0, 0, 0
200, minecraft:jungle_pyramid, HEADING, header:ignore, 0, 0, 0
201, ati_structures:jungle_settlement, HEADING, header:ignore, 0, 0, 0
202, betterjungletemples:jungle_temple, HEADING, header:ignore, 0, 0, 0
203, betternether:jungle_temples, HEADING, header:ignore, 0, 0, 0
204, dungeons_arise:jungle_tree_house, HEADING, header:ignore, 0, 0, 0
205, dungeons_arise:keep_kayra, HEADING, header:ignore, 0, 0, 0
206, atmospheric:kousa_sanctum, HEADING, header:ignore, 0, 0, 0
207, idas:labyrinth, HEADING, header:ignore, 0, 0, 0
208, graveyard:large_graveyard, HEADING, header:ignore, 0, 0, 0
209, graveyard:large_graveyard, MONSTER, graveyard:skeleton_creeper, 35, 1, 1
210, graveyard:large_graveyard, MONSTER, graveyard:revenant, 45, 1, 3
211, graveyard:large_graveyard, MONSTER, graveyard:ghoul, 50, 2, 4
212, graveyard:lich_prison, HEADING, header:ignore, 0, 0, 0
213, ati_structures:lighthouse, HEADING, header:ignore, 0, 0, 0
214, dungeons_arise:lighthouse, HEADING, header:ignore, 0, 0, 0
215, environmental:log_cabin, HEADING, header:ignore, 0, 0, 0
216, idas:lumber_camp/lumber_camp_acacia, HEADING, header:ignore, 0, 0, 0
217, idas:lumber_camp/lumber_camp_birch, HEADING, header:ignore, 0, 0, 0
218, idas:lumber_camp/lumber_camp_bopmahogany, HEADING, header:ignore, 0, 0, 0
219, idas:lumber_camp/lumber_camp_bopredwood, HEADING, header:ignore, 0, 0, 0
220, idas:lumber_camp/lumber_camp_bygmahogany, HEADING, header:ignore, 0, 0, 0
221, idas:lumber_camp/lumber_camp_bygredwood, HEADING, header:ignore, 0, 0, 0
222, idas:lumber_camp/lumber_camp_dark_oak, HEADING, header:ignore, 0, 0, 0
223, idas:lumber_camp/lumber_camp_jungle, HEADING, header:ignore, 0, 0, 0
224, idas:lumber_camp/lumber_camp_oak, HEADING, header:ignore, 0, 0, 0
225, idas:lumber_camp/lumber_camp_spruce, HEADING, header:ignore, 0, 0, 0
226, irons_spellbooks:mangrove_hut, HEADING, header:ignore, 0, 0, 0
227, ati_structures:manor, HEADING, header:ignore, 0, 0, 0
228, ati_structures:manor, MONSTER, minecraft:pillager, 10, 1, 1
229, minecraft:mansion, HEADING, header:ignore, 0, 0, 0
230, repurposed_structures:mansion_birch, HEADING, header:ignore, 0, 0, 0
231, repurposed_structures:mansion_desert, HEADING, header:ignore, 0, 0, 0
232, repurposed_structures:mansion_jungle, HEADING, header:ignore, 0, 0, 0
233, repurposed_structures:mansion_mangrove, HEADING, header:ignore, 0, 0, 0
234, repurposed_structures:mansion_oak, HEADING, header:ignore, 0, 0, 0
235, repurposed_structures:mansion_savanna, HEADING, header:ignore, 0, 0, 0
236, repurposed_structures:mansion_snowy, HEADING, header:ignore, 0, 0, 0
237, repurposed_structures:mansion_taiga, HEADING, header:ignore, 0, 0, 0
238, ati_structures:marble_chateau, HEADING, header:ignore, 0, 0, 0
239, totw_modded:mars, HEADING, header:ignore, 0, 0, 0
240, iceandfire:mausoleum, HEADING, header:ignore, 0, 0, 0
241, dungeons_arise:mechanical_nest, HEADING, header:ignore, 0, 0, 0
242, graveyard:medium_graveyard, HEADING, header:ignore, 0, 0, 0
243, graveyard:medium_graveyard, MONSTER, graveyard:skeleton_creeper, 35, 1, 1
244, graveyard:medium_graveyard, MONSTER, graveyard:revenant, 45, 1, 3
245, graveyard:medium_graveyard, MONSTER, graveyard:ghoul, 50, 2, 4
246, betterend:megalake, HEADING, header:ignore, 0, 0, 0
247, betterend:megalake_small, HEADING, header:ignore, 0, 0, 0
248, graveyard:memorial_tree, HEADING, header:ignore, 0, 0, 0
249, dungeons_arise:merchant_campsite, HEADING, header:ignore, 0, 0, 0
250, totw_modded:mercury, HEADING, header:ignore, 0, 0, 0
251, minecraft:mineshaft, HEADING, header:ignore, 0, 0, 0
252, minecraft:mineshaft, AMBIENT, alexsmobs:underminer, 50, 1, 1
253, bettermineshafts:mineshaft_acacia, HEADING, header:ignore, 0, 0, 0
254, bettermineshafts:mineshaft_acacia, AMBIENT, alexsmobs:underminer, 50, 1, 1
255, repurposed_structures:mineshaft_birch, HEADING, header:ignore, 0, 0, 0
256, repurposed_structures:mineshaft_birch, AMBIENT, alexsmobs:underminer, 50, 1, 1
257, repurposed_structures:mineshaft_crimson, HEADING, header:ignore, 0, 0, 0
258, repurposed_structures:mineshaft_crimson, AMBIENT, alexsmobs:underminer, 50, 1, 1
259, repurposed_structures:mineshaft_dark_forest, HEADING, header:ignore, 0, 0, 0
260, repurposed_structures:mineshaft_dark_forest, AMBIENT, alexsmobs:underminer, 50, 1, 1
261, bettermineshafts:mineshaft_desert, HEADING, header:ignore, 0, 0, 0
262, bettermineshafts:mineshaft_desert, AMBIENT, alexsmobs:underminer, 50, 1, 1
263, repurposed_structures:mineshaft_desert, HEADING, header:ignore, 0, 0, 0
264, repurposed_structures:mineshaft_desert, AMBIENT, alexsmobs:underminer, 50, 1, 1
265, bettermineshafts:mineshaft_dripstone, HEADING, header:ignore, 0, 0, 0
266, bettermineshafts:mineshaft_dripstone, AMBIENT, alexsmobs:underminer, 50, 1, 1
267, repurposed_structures:mineshaft_end, HEADING, header:ignore, 0, 0, 0
268, repurposed_structures:mineshaft_end, MONSTER, minecraft:endermite, 10, 2, 5
269, repurposed_structures:mineshaft_end, MONSTER, minecraft:enderman, 10, 1, 3
270, repurposed_structures:mineshaft_end, AMBIENT, alexsmobs:underminer, 50, 1, 1
271, bettermineshafts:mineshaft_ice, HEADING, header:ignore, 0, 0, 0
272, bettermineshafts:mineshaft_ice, AMBIENT, alexsmobs:underminer, 50, 1, 1
273, repurposed_structures:mineshaft_icy, HEADING, header:ignore, 0, 0, 0
274, repurposed_structures:mineshaft_icy, AMBIENT, alexsmobs:underminer, 50, 1, 1
275, bettermineshafts:mineshaft_jungle, HEADING, header:ignore, 0, 0, 0
276, bettermineshafts:mineshaft_jungle, AMBIENT, alexsmobs:underminer, 50, 1, 1
277, repurposed_structures:mineshaft_jungle, HEADING, header:ignore, 0, 0, 0
278, repurposed_structures:mineshaft_jungle, AMBIENT, alexsmobs:underminer, 50, 1, 1
279, bettermineshafts:mineshaft_lush, HEADING, header:ignore, 0, 0, 0
280, bettermineshafts:mineshaft_lush, AMBIENT, alexsmobs:underminer, 50, 1, 1
281, bettermineshafts:mineshaft_mesa, HEADING, header:ignore, 0, 0, 0
282, bettermineshafts:mineshaft_mesa, AMBIENT, alexsmobs:underminer, 50, 1, 1
283, minecraft:mineshaft_mesa, HEADING, header:ignore, 0, 0, 0
284, minecraft:mineshaft_mesa, AMBIENT, alexsmobs:underminer, 50, 1, 1
285, bettermineshafts:mineshaft_mushroom, HEADING, header:ignore, 0, 0, 0
286, bettermineshafts:mineshaft_mushroom, AMBIENT, alexsmobs:underminer, 50, 1, 1
287, repurposed_structures:mineshaft_nether, HEADING, header:ignore, 0, 0, 0
288, repurposed_structures:mineshaft_nether, AMBIENT, alexsmobs:underminer, 50, 1, 1
289, bettermineshafts:mineshaft_oak, HEADING, header:ignore, 0, 0, 0
290, bettermineshafts:mineshaft_oak, AMBIENT, alexsmobs:underminer, 50, 1, 1
291, repurposed_structures:mineshaft_ocean, HEADING, header:ignore, 0, 0, 0
292, repurposed_structures:mineshaft_ocean, AMBIENT, alexsmobs:underminer, 50, 1, 1
293, bettermineshafts:mineshaft_overgrown, HEADING, header:ignore, 0, 0, 0
294, bettermineshafts:mineshaft_overgrown, AMBIENT, alexsmobs:underminer, 50, 1, 1
295, bettermineshafts:mineshaft_red_desert, HEADING, header:ignore, 0, 0, 0
296, bettermineshafts:mineshaft_red_desert, AMBIENT, alexsmobs:underminer, 50, 1, 1
297, repurposed_structures:mineshaft_savanna, HEADING, header:ignore, 0, 0, 0
298, repurposed_structures:mineshaft_savanna, AMBIENT, alexsmobs:underminer, 50, 1, 1
299, bettermineshafts:mineshaft_spruce, HEADING, header:ignore, 0, 0, 0
300, bettermineshafts:mineshaft_spruce, AMBIENT, alexsmobs:underminer, 50, 1, 1
301, bettermineshafts:mineshaft_spruce_snowy, HEADING, header:ignore, 0, 0, 0
302, bettermineshafts:mineshaft_spruce_snowy, AMBIENT, alexsmobs:underminer, 50, 1, 1
303, repurposed_structures:mineshaft_stone, HEADING, header:ignore, 0, 0, 0
304, repurposed_structures:mineshaft_stone, AMBIENT, alexsmobs:underminer, 50, 1, 1
305, repurposed_structures:mineshaft_swamp, HEADING, header:ignore, 0, 0, 0
306, repurposed_structures:mineshaft_swamp, AMBIENT, alexsmobs:underminer, 50, 1, 1
307, repurposed_structures:mineshaft_taiga, HEADING, header:ignore, 0, 0, 0
308, repurposed_structures:mineshaft_taiga, AMBIENT, alexsmobs:underminer, 50, 1, 1
309, repurposed_structures:mineshaft_warped, HEADING, header:ignore, 0, 0, 0
310, repurposed_structures:mineshaft_warped, AMBIENT, alexsmobs:underminer, 50, 1, 1
311, dungeons_arise:mining_system, HEADING, header:ignore, 0, 0, 0
312, dungeons_arise:monastery, HEADING, header:ignore, 0, 0, 0
313, ati_structures:monastery_tower, HEADING, header:ignore, 0, 0, 0
314, minecraft:monument, HEADING, header:ignore, 0, 0, 0
315, minecraft:monument, MONSTER, minecraft:guardian, 10, 2, 4
316, repurposed_structures:monument_desert, HEADING, header:ignore, 0, 0, 0
317, repurposed_structures:monument_desert, MONSTER, minecraft:husk, 20, 1, 4
318, repurposed_structures:monument_desert, MONSTER, minecraft:creeper, 15, 1, 2
319, repurposed_structures:monument_desert, MONSTER, minecraft:skeleton, 10, 1, 3
320, repurposed_structures:monument_icy, HEADING, header:ignore, 0, 0, 0
321, repurposed_structures:monument_icy, MONSTER, minecraft:stray, 40, 1, 3
322, repurposed_structures:monument_icy, MONSTER, minecraft:vex, 10, 1, 2
323, repurposed_structures:monument_jungle, HEADING, header:ignore, 0, 0, 0
324, repurposed_structures:monument_jungle, MONSTER, minecraft:husk, 20, 1, 4
325, repurposed_structures:monument_jungle, MONSTER, minecraft:creeper, 15, 1, 2
326, repurposed_structures:monument_jungle, MONSTER, minecraft:skeleton, 10, 1, 3
327, repurposed_structures:monument_nether, HEADING, header:ignore, 0, 0, 0
328, repurposed_structures:monument_nether, MONSTER, minecraft:magma_cube, 20, 1, 3
329, repurposed_structures:monument_nether, MONSTER, minecraft:wither_skeleton, 10, 1, 3
330, repurposed_structures:monument_nether, MONSTER, minecraft:ghast, 10, 1, 1
331, totw_modded:moon, HEADING, header:ignore, 0, 0, 0
332, ati_structures:mosque, HEADING, header:ignore, 0, 0, 0
333, born_in_chaos_v1:mound_of_hounds, HEADING, header:ignore, 0, 0, 0
334, betterend:mountain, HEADING, header:ignore, 0, 0, 0
335, irons_spellbooks:mountain_tower, HEADING, header:ignore, 0, 0, 0
336, graveyard:mushroom_grave, HEADING, header:ignore, 0, 0, 0
337, dungeons_arise:mushroom_house, HEADING, header:ignore, 0, 0, 0
338, dungeons_arise:mushroom_mines, HEADING, header:ignore, 0, 0, 0
339, dungeons_arise:mushroom_village, HEADING, header:ignore, 0, 0, 0
340, idas:necromancers_spire, HEADING, header:ignore, 0, 0, 0
341, idas:necromancers_spire, MONSTER, quark:wraith, 10, 1, 1
342, totw_modded:nether, HEADING, header:ignore, 0, 0, 0
343, betternether:nether_city, HEADING, header:ignore, 0, 0, 0
344, minecraft:nether_fossil, HEADING, header:ignore, 0, 0, 0
345, minecraft:nether_fossil, MONSTER, alexsmobs:soul_vulture, 30, 1, 1
346, paraglider:nether_horned_statue, HEADING, header:ignore, 0, 0, 0
347, idas:nexus, HEADING, header:ignore, 0, 0, 0
348, idas:nexus, MONSTER, minecraft:silverfish, 10, 1, 4
349, idas:nexus, MONSTER, quark:wraith, 10, 1, 4
350, ati_structures:nomadic_camp, HEADING, header:ignore, 0, 0, 0
351, ati_structures:nomadic_camp, MONSTER, minecraft:pillager, 10, 1, 1
352, born_in_chaos_v1:observation_tower_forest, HEADING, header:ignore, 0, 0, 0
353, born_in_chaos_v1:observation_tower_plains, HEADING, header:ignore, 0, 0, 0
354, totw_modded:ocean, HEADING, header:ignore, 0, 0, 0
355, betteroceanmonuments:ocean_monument, HEADING, header:ignore, 0, 0, 0
356, betteroceanmonuments:ocean_monument, MONSTER, minecraft:guardian, 10, 2, 4
357, minecraft:ocean_ruin_cold, HEADING, header:ignore, 0, 0, 0
358, minecraft:ocean_ruin_warm, HEADING, header:ignore, 0, 0, 0
359, totw_modded:ocean_warm, HEADING, header:ignore, 0, 0, 0
360, ati_structures:old_fort, HEADING, header:ignore, 0, 0, 0
361, ati_structures:old_home, HEADING, header:ignore, 0, 0, 0
362, aquamirae:outpost, HEADING, header:ignore, 0, 0, 0
363, aquamirae:outpost, MONSTER, minecraft:pillager, 10, 1, 2
364, aquamirae:outpost, MONSTER, minecraft:vindicator, 10, 1, 1
365, repurposed_structures:outpost_badlands, HEADING, header:ignore, 0, 0, 0
366, repurposed_structures:outpost_badlands, MONSTER, minecraft:pillager, 10, 1, 1
367, repurposed_structures:outpost_birch, HEADING, header:ignore, 0, 0, 0
368, repurposed_structures:outpost_birch, MONSTER, minecraft:pillager, 10, 1, 1
369, repurposed_structures:outpost_crimson, HEADING, header:ignore, 0, 0, 0
370, repurposed_structures:outpost_crimson, MONSTER, minecraft:piglin, 10, 1, 1
371, repurposed_structures:outpost_desert, HEADING, header:ignore, 0, 0, 0
372, repurposed_structures:outpost_desert, MONSTER, minecraft:pillager, 10, 1, 1
373, repurposed_structures:outpost_end, HEADING, header:ignore, 0, 0, 0
374, repurposed_structures:outpost_end, MONSTER, minecraft:phantom, 10, 1, 1
375, repurposed_structures:outpost_giant_tree_taiga, HEADING, header:ignore, 0, 0, 0
376, repurposed_structures:outpost_giant_tree_taiga, MONSTER, minecraft:pillager, 10, 1, 1
377, repurposed_structures:outpost_icy, HEADING, header:ignore, 0, 0, 0
378, repurposed_structures:outpost_icy, MONSTER, minecraft:pillager, 10, 1, 1
379, repurposed_structures:outpost_jungle, HEADING, header:ignore, 0, 0, 0
380, repurposed_structures:outpost_jungle, MONSTER, minecraft:pillager, 10, 1, 1
381, repurposed_structures:outpost_mangrove, HEADING, header:ignore, 0, 0, 0
382, repurposed_structures:outpost_mangrove, MONSTER, minecraft:pillager, 10, 1, 1
383, repurposed_structures:outpost_nether_brick, HEADING, header:ignore, 0, 0, 0
384, repurposed_structures:outpost_nether_brick, MONSTER, minecraft:piglin, 10, 1, 1
385, repurposed_structures:outpost_oak, HEADING, header:ignore, 0, 0, 0
386, repurposed_structures:outpost_oak, MONSTER, minecraft:pillager, 10, 1, 1
387, repurposed_structures:outpost_snowy, HEADING, header:ignore, 0, 0, 0
388, repurposed_structures:outpost_snowy, MONSTER, minecraft:pillager, 10, 1, 1
389, repurposed_structures:outpost_taiga, HEADING, header:ignore, 0, 0, 0
390, repurposed_structures:outpost_taiga, MONSTER, minecraft:pillager, 10, 1, 1
391, repurposed_structures:outpost_warped, HEADING, header:ignore, 0, 0, 0
392, repurposed_structures:outpost_warped, MONSTER, minecraft:piglin, 10, 1, 1
393, call_of_yucutan:overgrown_temple, HEADING, header:ignore, 0, 0, 0
394, betterend:painted_mountain, HEADING, header:ignore, 0, 0, 0
395, idas:pillager_camp, HEADING, header:ignore, 0, 0, 0
396, idas:pillager_fortress, HEADING, header:ignore, 0, 0, 0
397, minecraft:pillager_outpost, HEADING, header:ignore, 0, 0, 0
398, minecraft:pillager_outpost, MONSTER, minecraft:pillager, 10, 1, 1
399, betternether:pillars, HEADING, header:ignore, 0, 0, 0
400, dungeons_arise:plague_asylum, HEADING, header:ignore, 0, 0, 0
401, valhelsia_structures:player_house, HEADING, header:ignore, 0, 0, 0
402, betternether:portals, HEADING, header:ignore, 0, 0, 0
403, betternether:pyramid, HEADING, header:ignore, 0, 0, 0
404, repurposed_structures:pyramid_badlands, HEADING, header:ignore, 0, 0, 0
405, repurposed_structures:pyramid_dark_forest, HEADING, header:ignore, 0, 0, 0
406, repurposed_structures:pyramid_end, HEADING, header:ignore, 0, 0, 0
407, repurposed_structures:pyramid_flower_forest, HEADING, header:ignore, 0, 0, 0
408, repurposed_structures:pyramid_giant_tree_taiga, HEADING, header:ignore, 0, 0, 0
409, repurposed_structures:pyramid_icy, HEADING, header:ignore, 0, 0, 0
410, repurposed_structures:pyramid_jungle, HEADING, header:ignore, 0, 0, 0
411, repurposed_structures:pyramid_mushroom, HEADING, header:ignore, 0, 0, 0
412, repurposed_structures:pyramid_nether, HEADING, header:ignore, 0, 0, 0
413, repurposed_structures:pyramid_ocean, HEADING, header:ignore, 0, 0, 0
414, repurposed_structures:pyramid_snowy, HEADING, header:ignore, 0, 0, 0
415, irons_spellbooks:pyromancer_tower, HEADING, header:ignore, 0, 0, 0
416, ati_structures:quarry, HEADING, header:ignore, 0, 0, 0
417, totw_modded:ratlantis, HEADING, header:ignore, 0, 0, 0
418, idas:redhorn_guild, HEADING, header:ignore, 0, 0, 0
419, totw_modded:regular, HEADING, header:ignore, 0, 0, 0
420, betternether:respawn_points, HEADING, header:ignore, 0, 0, 0
421, ribbits:ribbit_village, HEADING, header:ignore, 0, 0, 0
422, ati_structures:rotten_log, HEADING, header:ignore, 0, 0, 0
423, ati_structures:rotting_temple, HEADING, header:ignore, 0, 0, 0
424, ati_structures:rotting_temple, MONSTER, minecraft:zombie, 10, 1, 3
425, ati_structures:rotting_temple_underground, HEADING, header:ignore, 0, 0, 0
426, ati_structures:rotting_temple_underground, MONSTER, minecraft:zombie, 10, 1, 3
427, ati_structures:ruined_castle, HEADING, header:ignore, 0, 0, 0
428, cataclysm:ruined_citadel, HEADING, header:ignore, 0, 0, 0
429, cataclysm:ruined_citadel, MONSTER, cataclysm:endermaptera, 10, 1, 1
430, minecraft:ruined_portal, HEADING, header:ignore, 0, 0, 0
431, minecraft:ruined_portal_desert, HEADING, header:ignore, 0, 0, 0
432, repurposed_structures:ruined_portal_end, HEADING, header:ignore, 0, 0, 0
433, minecraft:ruined_portal_jungle, HEADING, header:ignore, 0, 0, 0
434, minecraft:ruined_portal_mountain, HEADING, header:ignore, 0, 0, 0
435, minecraft:ruined_portal_nether, HEADING, header:ignore, 0, 0, 0
436, minecraft:ruined_portal_ocean, HEADING, header:ignore, 0, 0, 0
437, minecraft:ruined_portal_swamp, HEADING, header:ignore, 0, 0, 0
438, graveyard:ruins, HEADING, header:ignore, 0, 0, 0
439, graveyard:ruins, MONSTER, graveyard:skeleton_creeper, 35, 1, 1
440, graveyard:ruins, MONSTER, graveyard:revenant, 45, 1, 3
441, graveyard:ruins, MONSTER, graveyard:ghoul, 50, 1, 2
442, repurposed_structures:ruins_land_cold, HEADING, header:ignore, 0, 0, 0
443, repurposed_structures:ruins_land_hot, HEADING, header:ignore, 0, 0, 0
444, repurposed_structures:ruins_land_icy, HEADING, header:ignore, 0, 0, 0
445, repurposed_structures:ruins_land_warm, HEADING, header:ignore, 0, 0, 0
446, repurposed_structures:ruins_nether, HEADING, header:ignore, 0, 0, 0
447, idas:ruins_of_the_deep, HEADING, header:ignore, 0, 0, 0
448, dungeons_arise:scorched_mines, HEADING, header:ignore, 0, 0, 0
449, ati_structures:sculk_deposit, HEADING, header:ignore, 0, 0, 0
450, aquamirae:shelter, HEADING, header:ignore, 0, 0, 0
451, aquamirae:ship, HEADING, header:ignore, 0, 0, 0
452, aquamirae:ship, MONSTER, minecraft:pillager, 10, 1, 2
453, aquamirae:ship, MONSTER, minecraft:vindicator, 10, 1, 1
454, minecraft:shipwreck, HEADING, header:ignore, 0, 0, 0
455, minecraft:shipwreck, MONSTER, alexsmobs:skelewag, 15, 1, 2
456, minecraft:shipwreck_beached, HEADING, header:ignore, 0, 0, 0
457, repurposed_structures:shipwreck_crimson, HEADING, header:ignore, 0, 0, 0
458, repurposed_structures:shipwreck_crimson, MONSTER, minecraft:wither_skeleton, 10, 1, 1
459, repurposed_structures:shipwreck_end, HEADING, header:ignore, 0, 0, 0
460, repurposed_structures:shipwreck_nether_bricks, HEADING, header:ignore, 0, 0, 0
461, repurposed_structures:shipwreck_nether_bricks, MONSTER, minecraft:wither_skeleton, 10, 1, 1
462, repurposed_structures:shipwreck_warped, HEADING, header:ignore, 0, 0, 0
463, repurposed_structures:shipwreck_warped, MONSTER, minecraft:wither_skeleton, 10, 1, 1
464, dungeons_arise:shiraz_palace, HEADING, header:ignore, 0, 0, 0
465, ati_structures:silverfish_nest, HEADING, header:ignore, 0, 0, 0
466, ati_structures:sinking_temple, HEADING, header:ignore, 0, 0, 0
467, ati_structures:sinking_temple, MONSTER, minecraft:drowned, 10, 1, 2
468, betterdungeons:skeleton_dungeon, HEADING, header:ignore, 0, 0, 0
469, betterdungeons:skeleton_dungeon, MONSTER, minecraft:skeleton, 80, 4, 15
470, skyvillages:skyvillage, HEADING, header:ignore, 0, 0, 0
471, dungeons_arise:small_blimp, HEADING, header:ignore, 0, 0, 0
472, graveyard:small_desert_grave, HEADING, header:ignore, 0, 0, 0
473, graveyard:small_desert_graveyard, HEADING, header:ignore, 0, 0, 0
474, graveyard:small_desert_graveyard, MONSTER, minecraft:vindicator, 10, 1, 1
475, graveyard:small_desert_graveyard, MONSTER, minecraft:pillager, 10, 1, 1
476, betterdungeons:small_dungeon, HEADING, header:ignore, 0, 0, 0
477, graveyard:small_grave, HEADING, header:ignore, 0, 0, 0
478, graveyard:small_graveyard, HEADING, header:ignore, 0, 0, 0
479, graveyard:small_graveyard, MONSTER, graveyard:skeleton_creeper, 35, 1, 1
480, graveyard:small_graveyard, MONSTER, graveyard:revenant, 45, 1, 3
481, graveyard:small_graveyard, MONSTER, graveyard:ghoul, 50, 1, 2
482, ati_structures:small_keep, HEADING, header:ignore, 0, 0, 0
483, graveyard:small_mountain_grave, HEADING, header:ignore, 0, 0, 0
484, betterdungeons:small_nether_dungeon, HEADING, header:ignore, 0, 0, 0
485, dungeons_arise:small_prairie_house, HEADING, header:ignore, 0, 0, 0
486, graveyard:small_savanna_grave, HEADING, header:ignore, 0, 0, 0
487, idas:snifferhenge, HEADING, header:ignore, 0, 0, 0
488, cataclysm:soul_black_smith, HEADING, header:ignore, 0, 0, 0
489, betternether:spawn_altar_ladder, HEADING, header:ignore, 0, 0, 0
490, valhelsia_structures:spawner_dungeon, HEADING, header:ignore, 0, 0, 0
491, valhelsia_structures:spawner_room, HEADING, header:ignore, 0, 0, 0
492, betterdungeons:spider_dungeon, HEADING, header:ignore, 0, 0, 0
493, betterdungeons:spider_dungeon, MONSTER, minecraft:spider, 80, 4, 15
494, betterdungeons:spider_dungeon, MONSTER, minecraft:cave_spider, 50, 4, 8
495, ati_structures:spider_nest, HEADING, header:ignore, 0, 0, 0
496, ati_structures:spider_nest, MONSTER, minecraft:spider, 10, 1, 3
497, ati_structures:spider_nest, MONSTER, minecraft:cave_spider, 10, 1, 2
498, ati_structures:stray_ruins, HEADING, header:ignore, 0, 0, 0
499, betterstrongholds:stronghold, HEADING, header:ignore, 0, 0, 0
500, minecraft:stronghold, HEADING, header:ignore, 0, 0, 0
501, repurposed_structures:stronghold_end, HEADING, header:ignore, 0, 0, 0
502, repurposed_structures:stronghold_end, MONSTER, minecraft:endermite, 80, 2, 4
503, repurposed_structures:stronghold_nether, HEADING, header:ignore, 0, 0, 0
504, repurposed_structures:stronghold_nether, MONSTER, minecraft:blaze, 10, 2, 3
505, repurposed_structures:stronghold_nether, MONSTER, minecraft:zombified_piglin, 10, 4, 4
506, repurposed_structures:stronghold_nether, MONSTER, minecraft:wither_skeleton, 10, 5, 5
507, repurposed_structures:stronghold_nether, MONSTER, minecraft:skeleton, 10, 5, 5
508, repurposed_structures:stronghold_nether, MONSTER, minecraft:magma_cube, 10, 4, 4
509, cataclysm:sunken_city, HEADING, header:ignore, 0, 0, 0
510, idas:sunken_ship/sunken_ship, HEADING, header:ignore, 0, 0, 0
511, idas:sunken_ship/sunken_ship, MONSTER, quark:wraith, 10, 1, 2
512, idas:sunken_ship/sunken_ship_coral, HEADING, header:ignore, 0, 0, 0
513, idas:sunken_ship/sunken_ship_coral, MONSTER, quark:wraith, 10, 1, 2
514, idas:sunken_ship/sunken_ship_ruins, HEADING, header:ignore, 0, 0, 0
515, minecraft:swamp_hut, HEADING, header:ignore, 0, 0, 0
516, minecraft:swamp_hut, MONSTER, minecraft:witch, 10, 1, 1
517, minecraft:swamp_hut, CREATURE, minecraft:cat, 10, 1, 1
518, paraglider:tarrey_town_goddess_statue, HEADING, header:ignore, 0, 0, 0
519, ati_structures:tavern, HEADING, header:ignore, 0, 0, 0
520, repurposed_structures:temple_nether_basalt, HEADING, header:ignore, 0, 0, 0
521, repurposed_structures:temple_nether_crimson, HEADING, header:ignore, 0, 0, 0
522, repurposed_structures:temple_nether_soul, HEADING, header:ignore, 0, 0, 0
523, repurposed_structures:temple_nether_warped, HEADING, header:ignore, 0, 0, 0
524, repurposed_structures:temple_nether_wasteland, HEADING, header:ignore, 0, 0, 0
525, repurposed_structures:temple_ocean, HEADING, header:ignore, 0, 0, 0
526, repurposed_structures:temple_taiga, HEADING, header:ignore, 0, 0, 0
527, conjurer_illager:theatre, HEADING, header:ignore, 0, 0, 0
528, dungeons_arise:thornborn_towers, HEADING, header:ignore, 0, 0, 0
529, idas:tinkers_citadel, HEADING, header:ignore, 0, 0, 0
530, idas:tinkers_workshop, HEADING, header:ignore, 0, 0, 0
531, valhelsia_structures:tower_ruin, HEADING, header:ignore, 0, 0, 0
532, minecraft:trail_ruins, HEADING, header:ignore, 0, 0, 0
533, idas:train_ruins, HEADING, header:ignore, 0, 0, 0
534, idas:tree_of_wisdom, HEADING, header:ignore, 0, 0, 0
535, idas:treetop_tavern, HEADING, header:ignore, 0, 0, 0
536, totw_modded:tw_canopy, HEADING, header:ignore, 0, 0, 0
537, totw_modded:tw_mangrove, HEADING, header:ignore, 0, 0, 0
538, dungeons_arise:typhon, HEADING, header:ignore, 0, 0, 0
539, dungeons_arise:undead_pirate_ship, HEADING, header:ignore, 0, 0, 0
540, idas:underground_camp/underground_camp, HEADING, header:ignore, 0, 0, 0
541, idas:underground_camp/underground_camp_deep, HEADING, header:ignore, 0, 0, 0
542, paraglider:underground_horned_statue, HEADING, header:ignore, 0, 0, 0
543, ati_structures:underground_monument, HEADING, header:ignore, 0, 0, 0
544, ati_structures:underwater_dungeon, HEADING, header:ignore, 0, 0, 0
545, ati_structures:underwater_dungeon, MONSTER, minecraft:drowned, 10, 1, 2
546, ati_structures:underwater_dungeon, MONSTER, minecraft:guardian, 10, 1, 2
547, totw_modded:venus, HEADING, header:ignore, 0, 0, 0
548, repurposed_structures:village_badlands, HEADING, header:ignore, 0, 0, 0
549, repurposed_structures:village_bamboo, HEADING, header:ignore, 0, 0, 0
550, repurposed_structures:village_birch, HEADING, header:ignore, 0, 0, 0
551, repurposed_structures:village_cherry, HEADING, header:ignore, 0, 0, 0
552, repurposed_structures:village_crimson, HEADING, header:ignore, 0, 0, 0
553, repurposed_structures:village_dark_forest, HEADING, header:ignore, 0, 0, 0
554, minecraft:village_desert, HEADING, header:ignore, 0, 0, 0
555, repurposed_structures:village_giant_taiga, HEADING, header:ignore, 0, 0, 0
556, repurposed_structures:village_jungle, HEADING, header:ignore, 0, 0, 0
557, repurposed_structures:village_mountains, HEADING, header:ignore, 0, 0, 0
558, repurposed_structures:village_mushroom, HEADING, header:ignore, 0, 0, 0
559, repurposed_structures:village_oak, HEADING, header:ignore, 0, 0, 0
560, repurposed_structures:village_ocean, HEADING, header:ignore, 0, 0, 0
561, minecraft:village_plains, HEADING, header:ignore, 0, 0, 0
562, minecraft:village_savanna, HEADING, header:ignore, 0, 0, 0
563, atmospheric:village_scrubland, HEADING, header:ignore, 0, 0, 0
564, minecraft:village_snowy, HEADING, header:ignore, 0, 0, 0
565, repurposed_structures:village_swamp, HEADING, header:ignore, 0, 0, 0
566, minecraft:village_taiga, HEADING, header:ignore, 0, 0, 0
567, repurposed_structures:village_warped, HEADING, header:ignore, 0, 0, 0
568, ati_structures:villager_inn, HEADING, header:ignore, 0, 0, 0
569, idas:washing_camp, HEADING, header:ignore, 0, 0, 0
570, supplementaries:way_sign, HEADING, header:ignore, 0, 0, 0
571, idas:winter_wagon, HEADING, header:ignore, 0, 0, 0
572, dungeons_arise:wishing_well, HEADING, header:ignore, 0, 0, 0
573, valhelsia_structures:witch_hut, HEADING, header:ignore, 0, 0, 0
574, valhelsia_structures:witch_hut, MONSTER, minecraft:witch, 10, 1, 1
575, valhelsia_structures:witch_hut, CREATURE, minecraft:cat, 10, 1, 1
576, repurposed_structures:witch_hut_birch, HEADING, header:ignore, 0, 0, 0
577, repurposed_structures:witch_hut_birch, MONSTER, minecraft:witch, 10, 1, 1
578, repurposed_structures:witch_hut_birch, CREATURE, minecraft:cat, 10, 1, 1
579, repurposed_structures:witch_hut_dark_forest, HEADING, header:ignore, 0, 0, 0
580, repurposed_structures:witch_hut_dark_forest, MONSTER, minecraft:witch, 10, 1, 1
581, repurposed_structures:witch_hut_dark_forest, CREATURE, minecraft:cat, 10, 1, 1
582, repurposed_structures:witch_hut_giant_tree_taiga, HEADING, header:ignore, 0, 0, 0
583, repurposed_structures:witch_hut_giant_tree_taiga, MONSTER, minecraft:witch, 10, 1, 1
584, repurposed_structures:witch_hut_giant_tree_taiga, CREATURE, minecraft:cat, 10, 1, 1
585, repurposed_structures:witch_hut_mangrove, HEADING, header:ignore, 0, 0, 0
586, repurposed_structures:witch_hut_mangrove, MONSTER, minecraft:witch, 10, 1, 1
587, repurposed_structures:witch_hut_mangrove, CREATURE, minecraft:cat, 10, 1, 1
588, repurposed_structures:witch_hut_oak, HEADING, header:ignore, 0, 0, 0
589, repurposed_structures:witch_hut_oak, MONSTER, minecraft:witch, 10, 1, 1
590, repurposed_structures:witch_hut_oak, CREATURE, minecraft:cat, 10, 1, 1
591, repurposed_structures:witch_hut_taiga, HEADING, header:ignore, 0, 0, 0
592, repurposed_structures:witch_hut_taiga, MONSTER, minecraft:witch, 10, 1, 1
593, repurposed_structures:witch_hut_taiga, CREATURE, minecraft:cat, 10, 1, 1
594, idas:witches_treestump, HEADING, header:ignore, 0, 0, 0
595, idas:witches_treestump, MONSTER, minecraft:witch, 10, 1, 1
596, idas:witches_treestump, CREATURE, minecraft:cat, 10, 1, 1
597, idas:wizard_tower, HEADING, header:ignore, 0, 0, 0
598, ati_structures:woodland_keep, HEADING, header:ignore, 0, 0, 0
599, betterdungeons:zombie_dungeon, HEADING, header:ignore, 0, 0, 0
600, betterdungeons:zombie_dungeon, MONSTER, minecraft:zombie, 80, 4, 15
